# JRE version: OpenJDK Runtime Environment (15.0.2+7) (build 15.0.2+7-27)
# Java VM: OpenJDK 64-Bit Server VM (15.0.2+7-27, mixed mode, tiered, compressed oops, g1 gc, windows-amd64)
GC Precious Log:
 CPUs: 8 total, 8 available
 Memory: 16221M
 Large Page Support: Disabled
 NUMA Support: Disabled
 Compressed Oops: Enabled (Zero based)
 Heap Region Size: 2M
 Heap Min Capacity: 8M
 Heap Initial Capacity: 254M
 Heap Max Capacity: 4056M
 Pre-touch: Disabled
 Parallel Workers: 8
 Concurrent Workers: 2
 Concurrent Refinement Workers: 8
 Periodic GC: Disabled
Heap:
 garbage-first heap   total 122880K, used 67079K [0x0000000702800000, 0x0000000800000000)
  region size 2048K, 20 young (40960K), 2 survivors (4096K)
 Metaspace       used 76302K, capacity 76999K, committed 77084K, reserved 1116160K
  class space    used 9769K, capacity 10018K, committed 10092K, reserved 1048576K
GC Heap History (20 events):
Event: 3.161 GC heap before
{Heap before GC invocations=11 (full 0):
 garbage-first heap   total 102400K, used 75499K [0x0000000702800000, 0x0000000800000000)
  region size 2048K, 30 young (61440K), 2 survivors (4096K)
 Metaspace       used 44507K, capacity 45027K, committed 45104K, reserved 1089536K
  class space    used 5576K, capacity 5746K, committed 5760K, reserved 1048576K
}
Event: 3.167 GC heap after
{Heap after GC invocations=12 (full 0):
 garbage-first heap   total 102400K, used 18551K [0x0000000702800000, 0x0000000800000000)
  region size 2048K, 2 young (4096K), 2 survivors (4096K)
 Metaspace       used 44507K, capacity 45027K, committed 45104K, reserved 1089536K
  class space    used 5576K, capacity 5746K, committed 5760K, reserved 1048576K
}
Event: 3.580 GC heap before
{Heap before GC invocations=12 (full 0):
 garbage-first heap   total 102400K, used 75895K [0x0000000702800000, 0x0000000800000000)
  region size 2048K, 30 young (61440K), 2 survivors (4096K)
 Metaspace       used 51806K, capacity 52341K, committed 52400K, reserved 1095680K
  class space    used 6458K, capacity 6646K, committed 6656K, reserved 1048576K
}
Event: 3.587 GC heap after
{Heap after GC invocations=13 (full 0):
 garbage-first heap   total 102400K, used 21187K [0x0000000702800000, 0x0000000800000000)
  region size 2048K, 4 young (8192K), 4 survivors (8192K)
 Metaspace       used 51806K, capacity 52341K, committed 52400K, reserved 1095680K
  class space    used 6458K, capacity 6646K, committed 6656K, reserved 1048576K
}
Event: 3.800 GC heap before
{Heap before GC invocations=13 (full 0):
 garbage-first heap   total 102400K, used 74435K [0x0000000702800000, 0x0000000800000000)
  region size 2048K, 30 young (61440K), 4 survivors (8192K)
 Metaspace       used 54252K, capacity 54826K, committed 55088K, reserved 1097728K
  class space    used 6754K, capacity 6938K, committed 7040K, reserved 1048576K
}
Event: 3.808 GC heap after
{Heap after GC invocations=14 (full 0):
 garbage-first heap   total 102400K, used 22181K [0x0000000702800000, 0x0000000800000000)
  region size 2048K, 3 young (6144K), 3 survivors (6144K)
 Metaspace       used 54252K, capacity 54826K, committed 55088K, reserved 1097728K
  class space    used 6754K, capacity 6938K, committed 7040K, reserved 1048576K
}
Event: 4.159 GC heap before
{Heap before GC invocations=14 (full 0):
 garbage-first heap   total 102400K, used 77477K [0x0000000702800000, 0x0000000800000000)
  region size 2048K, 30 young (61440K), 3 survivors (6144K)
 Metaspace       used 58803K, capacity 59415K, committed 59568K, reserved 1101824K
  class space    used 7466K, capacity 7654K, committed 7680K, reserved 1048576K
}
Event: 4.167 GC heap after
{Heap after GC invocations=15 (full 0):
 garbage-first heap   total 126976K, used 23275K [0x0000000702800000, 0x0000000800000000)
  region size 2048K, 3 young (6144K), 3 survivors (6144K)
 Metaspace       used 58803K, capacity 59415K, committed 59568K, reserved 1101824K
  class space    used 7466K, capacity 7654K, committed 7680K, reserved 1048576K
}
Event: 4.231 GC heap before
{Heap before GC invocations=15 (full 0):
 garbage-first heap   total 126976K, used 31467K [0x0000000702800000, 0x0000000800000000)
  region size 2048K, 8 young (16384K), 3 survivors (6144K)
 Metaspace       used 59554K, capacity 60119K, committed 60208K, reserved 1101824K
  class space    used 7583K, capacity 7782K, committed 7808K, reserved 1048576K
}
Event: 4.239 GC heap after
{Heap after GC invocations=16 (full 0):
 garbage-first heap   total 126976K, used 23679K [0x0000000702800000, 0x0000000800000000)
  region size 2048K, 3 young (6144K), 3 survivors (6144K)
 Metaspace       used 59554K, capacity 60119K, committed 60208K, reserved 1101824K
  class space    used 7583K, capacity 7782K, committed 7808K, reserved 1048576K
}
Event: 4.695 GC heap before
{Heap before GC invocations=17 (full 0):
 garbage-first heap   total 102400K, used 78975K [0x0000000702800000, 0x0000000800000000)
  region size 2048K, 30 young (61440K), 3 survivors (6144K)
 Metaspace       used 63459K, capacity 63974K, committed 64156K, reserved 1105920K
  class space    used 8128K, capacity 8298K, committed 8428K, reserved 1048576K
}
Event: 4.704 GC heap after
{Heap after GC invocations=18 (full 0):
 garbage-first heap   total 102400K, used 25450K [0x0000000702800000, 0x0000000800000000)
  region size 2048K, 3 young (6144K), 3 survivors (6144K)
 Metaspace       used 63459K, capacity 63974K, committed 64156K, reserved 1105920K
  class space    used 8128K, capacity 8298K, committed 8428K, reserved 1048576K
}
Event: 5.092 GC heap before
{Heap before GC invocations=18 (full 0):
 garbage-first heap   total 102400K, used 80746K [0x0000000702800000, 0x0000000800000000)
  region size 2048K, 30 young (61440K), 3 survivors (6144K)
 Metaspace       used 66793K, capacity 67389K, committed 67612K, reserved 1107968K
  class space    used 8540K, capacity 8764K, committed 8812K, reserved 1048576K
}
Event: 5.097 GC heap after
{Heap after GC invocations=19 (full 0):
 garbage-first heap   total 102400K, used 27392K [0x0000000702800000, 0x0000000800000000)
  region size 2048K, 4 young (8192K), 4 survivors (8192K)
 Metaspace       used 66793K, capacity 67389K, committed 67612K, reserved 1107968K
  class space    used 8540K, capacity 8764K, committed 8812K, reserved 1048576K
}
Event: 5.422 GC heap before
{Heap before GC invocations=19 (full 0):
 garbage-first heap   total 102400K, used 78592K [0x0000000702800000, 0x0000000800000000)
  region size 2048K, 29 young (59392K), 4 survivors (8192K)
 Metaspace       used 69817K, capacity 70495K, committed 70556K, reserved 1110016K
  class space    used 8925K, capacity 9135K, committed 9196K, reserved 1048576K
}
Event: 5.429 GC heap after
{Heap after GC invocations=20 (full 0):
 garbage-first heap   total 122880K, used 30498K [0x0000000702800000, 0x0000000800000000)
  region size 2048K, 3 young (6144K), 3 survivors (6144K)
 Metaspace       used 69817K, capacity 70495K, committed 70556K, reserved 1110016K
  class space    used 8925K, capacity 9135K, committed 9196K, reserved 1048576K
}
Event: 5.598 GC heap before
{Heap before GC invocations=20 (full 0):
 garbage-first heap   total 122880K, used 96034K [0x0000000702800000, 0x0000000800000000)
  region size 2048K, 36 young (73728K), 3 survivors (6144K)
 Metaspace       used 69938K, capacity 70591K, committed 70812K, reserved 1112064K
  class space    used 8938K, capacity 9167K, committed 9196K, reserved 1048576K
}
Event: 5.604 GC heap after
{Heap after GC invocations=21 (full 0):
 garbage-first heap   total 122880K, used 36595K [0x0000000702800000, 0x0000000800000000)
  region size 2048K, 5 young (10240K), 5 survivors (10240K)
 Metaspace       used 69938K, capacity 70591K, committed 70812K, reserved 1112064K
  class space    used 8938K, capacity 9167K, committed 9196K, reserved 1048576K
}
Event: 8.996 GC heap before
{Heap before GC invocations=21 (full 0):
 garbage-first heap   total 122880K, used 91891K [0x0000000702800000, 0x0000000800000000)
  region size 2048K, 33 young (67584K), 5 survivors (10240K)
 Metaspace       used 73053K, capacity 73726K, committed 73756K, reserved 1114112K
  class space    used 9364K, capacity 9568K, committed 9580K, reserved 1048576K
}
Event: 9.001 GC heap after
{Heap after GC invocations=22 (full 0):
 garbage-first heap   total 122880K, used 32263K [0x0000000702800000, 0x0000000800000000)
  region size 2048K, 2 young (4096K), 2 survivors (4096K)
 Metaspace       used 73053K, capacity 73726K, committed 73756K, reserved 1114112K
  class space    used 9364K, capacity 9568K, committed 9580K, reserved 1048576K
}

